<?xml version="1.0" encoding="UTF-8"?>
<!-- Generated by org.testng.reporters.JUnitXMLReporter -->
<testsuite ignored="0" hostname="DESKTOP-L3P5RPF" failures="0" tests="4" name="LoginTests" time="24.407" errors="0" timestamp="2025-08-05T21:24:33 IST">
  <testcase classname="com.Ecommerce.tests.LoginTest" name="testBlankFields" time="0.174"/>
  <testcase classname="com.Ecommerce.tests.LoginTest" name="testBlankFields" time="0.156"/>
  <testcase classname="com.Ecommerce.tests.LoginTest" name="testInvalidLogins" time="0.145"/>
  <testcase classname="com.Ecommerce.tests.LoginTest" name="testValidLogins" time="2.117"/>
</testsuite> <!-- LoginTests -->
